<?xml version="1.0" encoding="UTF-8"?>
<!-- Generated by org.testng.reporters.JUnitReportReporter -->
<testsuite skipped="0" hostname="LAPTOP-H2OUFOKR" name="Assignment.Test_Contactus" tests="1" failures="0" timestamp="2020-11-17T23:10:09 IST" time="10.336" errors="0">
  <testcase name="Validatinglogin" time="10.336" classname="Assignment.Test_Contactus"/>
</testsuite> <!-- Assignment.Test_Contactus -->
